SF:lib\organizer\participants\add_participant.dart
DA:21,1
DA:29,1
DA:30,1
DA:34,3
DA:35,3
DA:43,1
DA:45,1
DA:46,3
DA:47,1
DA:52,1
DA:53,4
DA:55,3
DA:57,2
DA:58,3
DA:59,1
DA:60,0
DA:61,4
DA:62,4
DA:64,0
DA:65,0
DA:67,0
DA:68,0
DA:69,0
DA:71,0
DA:74,0
DA:75,0
DA:76,0
DA:78,0
DA:83,1
DA:85,1
DA:86,2
DA:87,1
DA:88,2
DA:89,3
DA:91,1
DA:93,1
DA:102,1
DA:103,3
DA:104,1
DA:105,1
DA:106,1
DA:107,3
DA:108,1
DA:109,1
DA:110,1
DA:117,1
DA:118,2
DA:119,0
DA:121,0
DA:122,0
DA:123,0
DA:124,0
DA:125,0
DA:126,0
DA:130,0
DA:131,0
DA:132,0
DA:133,0
DA:136,0
DA:137,0
DA:138,0
DA:140,0
DA:142,0
DA:143,0
DA:149,0
DA:150,0
DA:155,0
DA:156,0
DA:163,1
DA:165,1
DA:166,1
DA:167,1
DA:168,1
DA:170,1
DA:172,1
DA:173,1
DA:174,3
DA:181,1
DA:184,1
DA:189,1
DA:190,1
DA:191,1
DA:192,0
DA:193,0
DA:194,0
DA:199,0
DA:203,1
DA:205,2
LF:88
LH:52
end_of_record
SF:lib\organizer\participants\participants.dart
DA:20,1
DA:29,1
DA:30,1
DA:34,3
DA:35,3
DA:39,1
DA:41,1
DA:42,3
DA:43,3
DA:48,1
DA:50,6
DA:52,3
DA:54,2
DA:55,3
DA:56,2
DA:57,1
DA:58,1
DA:59,1
DA:60,1
DA:61,1
DA:63,1
DA:66,0
DA:68,0
DA:73,0
DA:74,0
DA:75,0
DA:79,1
DA:81,1
DA:82,1
DA:84,1
DA:86,1
DA:87,1
DA:88,1
DA:89,3
DA:96,1
DA:98,0
DA:99,0
DA:101,0
DA:102,0
DA:103,0
DA:104,0
DA:105,0
DA:106,0
DA:109,0
DA:110,0
DA:111,0
DA:117,1
DA:118,1
DA:119,1
DA:120,1
DA:121,2
DA:125,1
DA:126,0
DA:127,0
DA:129,1
DA:130,1
DA:132,1
DA:135,1
DA:136,1
DA:137,1
DA:138,2
DA:139,2
DA:140,2
DA:141,2
DA:142,2
DA:144,2
DA:145,1
DA:160,2
LF:68
LH:50
end_of_record
SF:lib\auth\login.dart
DA:11,0
DA:13,0
DA:14,0
DA:22,0
DA:25,0
DA:26,0
DA:27,0
DA:28,0
DA:29,0
DA:31,0
DA:32,0
DA:33,0
DA:37,0
DA:38,0
DA:39,0
DA:40,0
DA:42,0
DA:47,0
DA:49,0
DA:51,0
DA:52,0
DA:53,0
DA:54,0
DA:56,0
DA:70,0
DA:72,0
DA:80,0
DA:82,0
DA:89,0
DA:90,0
DA:91,0
DA:93,0
DA:94,0
DA:108,0
DA:110,0
DA:116,0
DA:117,0
LF:37
LH:0
end_of_record
SF:lib\auth\password.dart
DA:8,7
DA:10,0
DA:11,0
DA:17,0
DA:18,0
DA:19,0
DA:20,0
DA:21,0
DA:22,0
DA:23,0
DA:25,0
DA:26,0
DA:27,0
DA:28,0
DA:33,0
DA:35,0
DA:37,0
DA:41,0
DA:42,0
DA:43,0
DA:45,0
DA:53,0
DA:55,0
DA:60,0
DA:62,0
LF:25
LH:1
end_of_record
SF:lib\components\button_custom.dart
DA:6,6
DA:8,6
DA:10,6
DA:11,6
DA:12,6
DA:15,6
DA:17,6
DA:19,6
DA:20,12
LF:9
LH:9
end_of_record
SF:lib\components\textfield_custom.dart
DA:8,6
DA:16,6
DA:18,6
DA:20,6
DA:21,6
DA:22,6
DA:23,6
DA:24,6
DA:26,6
LF:9
LH:9
end_of_record
SF:lib\utils.dart
DA:11,6
DA:12,6
DA:14,6
DA:15,6
DA:16,6
DA:17,6
DA:18,6
DA:19,6
DA:20,0
DA:21,0
DA:33,4
DA:35,3
DA:36,6
DA:37,12
DA:48,3
DA:52,16
DA:60,3
DA:61,3
DA:63,3
DA:75,0
DA:77,0
DA:79,0
DA:80,0
DA:81,0
DA:82,0
DA:83,0
DA:84,0
DA:85,0
DA:86,0
DA:90,0
DA:91,0
DA:92,0
DA:93,0
DA:106,0
DA:107,0
DA:108,0
DA:112,0
DA:113,0
DA:115,0
DA:116,0
DA:119,0
DA:127,1
DA:128,1
DA:129,1
DA:133,1
DA:134,1
DA:137,2
DA:138,0
DA:139,0
DA:151,1
DA:156,1
DA:158,1
DA:159,2
DA:160,2
DA:164,1
DA:165,8
DA:166,1
DA:177,1
DA:186,1
DA:188,1
DA:190,1
DA:193,3
DA:194,3
DA:195,1
DA:196,1
DA:207,0
DA:212,0
DA:214,0
DA:218,0
DA:219,0
DA:220,0
DA:229,1
DA:231,1
DA:232,2
DA:233,0
DA:244,0
DA:245,0
DA:246,0
DA:247,0
DA:248,0
LF:80
LH:42
end_of_record
SF:lib\auth\login_or_register.dart
DA:13,0
DA:19,0
DA:20,0
DA:26,0
DA:27,0
DA:28,0
DA:32,0
DA:34,0
DA:35,0
DA:36,0
DA:39,0
DA:40,0
DA:41,0
DA:42,0
LF:14
LH:0
end_of_record
SF:lib\auth\register.dart
DA:16,2
DA:18,2
DA:19,2
DA:20,2
DA:24,0
DA:25,0
DA:26,0
DA:30,0
DA:32,0
DA:34,0
DA:35,0
DA:45,1
DA:47,1
DA:48,1
DA:61,3
DA:62,0
DA:65,1
DA:67,1
DA:68,1
DA:75,1
DA:76,4
DA:78,3
DA:80,2
DA:81,3
DA:82,1
DA:83,0
DA:84,4
DA:85,0
DA:86,0
DA:88,0
DA:89,0
DA:90,0
DA:92,0
DA:94,0
DA:97,0
DA:98,0
DA:99,0
DA:101,0
DA:103,0
DA:109,1
DA:111,1
DA:112,2
DA:113,1
DA:114,2
DA:115,3
DA:117,1
DA:119,1
DA:129,0
DA:132,0
DA:133,0
DA:134,0
DA:135,0
DA:139,0
DA:143,0
DA:145,0
DA:146,0
DA:147,0
DA:148,0
DA:149,0
DA:151,0
DA:153,0
DA:154,0
DA:155,0
DA:157,0
DA:160,0
DA:161,0
DA:162,0
DA:164,0
DA:179,1
DA:180,3
DA:181,3
DA:182,3
DA:183,0
DA:184,0
DA:185,3
DA:186,3
DA:187,1
DA:188,4
DA:189,2
DA:190,1
DA:191,1
DA:192,0
DA:193,0
DA:194,0
DA:195,0
DA:207,1
DA:208,2
DA:209,0
DA:210,0
DA:211,0
DA:212,0
DA:214,0
DA:216,0
DA:217,0
DA:218,0
DA:219,0
DA:220,0
DA:222,0
DA:223,0
DA:224,0
DA:231,1
DA:233,1
DA:235,1
DA:236,1
DA:237,1
DA:239,1
DA:252,1
DA:255,1
DA:262,1
DA:265,1
DA:273,1
DA:276,1
DA:284,1
DA:287,1
DA:294,1
DA:297,1
DA:304,1
DA:305,1
DA:306,1
DA:307,0
DA:308,0
DA:309,0
DA:314,0
DA:321,1
DA:323,1
DA:329,1
DA:330,2
LF:127
LH:62
end_of_record
SF:lib\components\bottom_sheet_selector.dart
DA:14,4
DA:25,1
DA:26,2
DA:27,1
DA:28,2
DA:30,1
DA:36,1
DA:37,1
DA:38,1
DA:39,1
DA:41,1
DA:42,4
DA:43,1
DA:45,1
DA:47,1
DA:48,1
DA:55,1
DA:64,0
DA:65,0
DA:66,0
DA:67,0
DA:68,0
DA:69,0
DA:70,0
DA:77,1
DA:78,1
DA:79,1
DA:80,1
DA:81,1
DA:82,1
DA:83,3
DA:84,1
DA:85,0
DA:86,0
DA:87,0
DA:88,0
DA:90,0
DA:100,1
DA:101,0
DA:102,0
DA:103,0
DA:105,2
DA:118,4
DA:120,4
DA:122,4
DA:123,4
DA:125,4
DA:126,4
DA:129,4
DA:130,4
DA:135,2
DA:136,4
DA:138,4
DA:139,4
DA:140,4
DA:152,4
DA:154,4
DA:156,4
DA:157,6
DA:158,3
DA:159,0
DA:160,0
DA:161,0
DA:164,4
LF:64
LH:46
end_of_record
SF:lib\calendar\calendar.dart
DA:13,7
DA:17,0
DA:18,0
DA:26,0
DA:28,0
DA:29,0
DA:30,0
DA:35,0
DA:38,0
DA:40,0
DA:42,0
DA:43,0
DA:44,0
DA:45,0
DA:46,0
DA:47,0
DA:48,0
DA:49,0
DA:50,0
DA:51,0
DA:53,0
DA:55,0
DA:56,0
DA:57,0
DA:58,0
DA:59,0
DA:60,0
DA:61,0
DA:63,0
DA:64,0
DA:66,0
DA:71,0
DA:72,0
DA:75,0
DA:78,0
DA:79,0
DA:82,0
DA:88,0
DA:90,0
DA:92,0
DA:94,0
DA:95,0
DA:97,0
DA:98,0
DA:99,0
DA:100,0
DA:101,0
DA:105,0
DA:106,0
DA:109,0
DA:112,0
DA:113,0
DA:116,0
DA:122,0
DA:125,0
DA:127,0
DA:129,0
DA:130,0
DA:131,0
DA:133,0
DA:135,0
DA:136,0
DA:138,0
DA:142,0
DA:144,0
DA:145,0
DA:148,0
DA:151,0
DA:152,0
DA:155,0
DA:160,0
DA:175,0
DA:179,0
DA:180,0
DA:181,0
DA:185,0
DA:186,0
DA:187,0
DA:190,0
DA:192,0
DA:193,0
DA:195,0
DA:197,0
DA:198,0
DA:199,0
DA:209,0
DA:210,0
DA:212,0
DA:213,0
LF:89
LH:1
end_of_record
SF:lib\calendar\calendar_list.dart
DA:17,0
DA:28,0
DA:29,0
DA:46,0
DA:61,0
DA:65,0
DA:66,0
DA:68,0
DA:72,0
DA:73,0
DA:74,0
DA:78,0
DA:79,0
DA:80,0
DA:81,0
DA:82,0
DA:86,0
DA:87,0
DA:88,0
DA:90,0
DA:91,0
DA:92,0
DA:93,0
DA:95,0
DA:99,0
DA:100,0
DA:102,0
DA:103,0
DA:105,0
DA:106,0
DA:107,0
DA:109,0
DA:111,0
DA:115,0
DA:116,0
DA:117,0
DA:118,0
DA:121,0
DA:123,0
DA:124,0
DA:125,0
DA:126,0
DA:128,0
DA:130,0
DA:131,0
DA:134,0
DA:136,0
DA:137,0
DA:138,0
DA:140,0
DA:142,0
DA:143,0
DA:145,0
DA:151,0
DA:152,0
DA:153,0
DA:156,0
DA:157,0
DA:158,0
DA:159,0
DA:162,0
DA:164,0
DA:166,0
DA:167,0
DA:168,0
DA:169,0
DA:173,0
DA:174,0
DA:175,0
DA:176,0
DA:177,0
DA:179,0
DA:184,0
DA:198,0
DA:199,0
DA:201,0
DA:202,0
DA:203,0
DA:204,0
DA:205,0
DA:207,0
DA:208,0
DA:209,0
DA:210,0
DA:211,0
DA:217,0
DA:219,0
DA:220,0
DA:221,0
DA:223,0
DA:224,0
DA:225,0
DA:227,0
DA:228,0
DA:229,0
DA:230,0
DA:231,0
DA:238,0
DA:242,0
DA:243,0
DA:244,0
DA:245,0
DA:246,0
DA:247,0
DA:248,0
DA:249,0
DA:251,0
DA:254,0
DA:255,0
DA:258,0
DA:259,0
DA:260,0
DA:264,0
DA:265,0
DA:266,0
DA:267,0
DA:275,0
DA:276,0
DA:278,0
DA:279,0
DA:280,0
DA:281,0
DA:287,0
DA:288,0
DA:289,0
DA:290,0
DA:292,0
DA:293,0
DA:300,0
DA:301,0
DA:302,0
DA:303,0
DA:304,0
DA:305,0
DA:309,0
DA:310,0
DA:311,0
DA:312,0
DA:314,0
DA:318,0
DA:332,0
DA:341,0
LF:142
LH:0
end_of_record
SF:lib\components\scaffold_custom.dart
DA:16,6
DA:24,6
DA:25,6
DA:31,0
DA:32,0
DA:34,6
DA:36,6
DA:37,18
DA:40,0
DA:41,0
DA:42,0
DA:43,0
DA:44,0
DA:52,0
DA:53,0
DA:54,0
DA:56,0
DA:57,0
DA:58,0
DA:62,0
DA:63,0
DA:64,0
DA:67,6
DA:69,6
DA:70,6
DA:72,6
DA:74,6
DA:75,6
DA:76,0
DA:77,0
DA:78,0
DA:79,0
DA:80,0
DA:81,0
DA:82,0
DA:93,12
DA:94,6
DA:95,6
DA:96,6
LF:39
LH:16
end_of_record
SF:lib\organizer\rehearsals\rehearsal_details.dart
DA:30,0
DA:44,0
DA:45,0
DA:60,0
DA:62,0
DA:63,0
DA:64,0
DA:65,0
DA:66,0
DA:67,0
DA:68,0
DA:69,0
DA:70,0
DA:71,0
DA:75,0
DA:77,0
DA:79,0
DA:81,0
DA:82,0
DA:83,0
DA:84,0
DA:85,0
DA:86,0
DA:87,0
DA:88,0
DA:90,0
DA:91,0
DA:92,0
DA:93,0
DA:94,0
DA:98,0
DA:100,0
DA:105,0
DA:106,0
DA:107,0
DA:113,0
DA:116,0
DA:118,0
DA:119,0
DA:120,0
DA:121,0
DA:122,0
DA:125,0
DA:126,0
DA:130,0
DA:131,0
DA:132,0
DA:140,0
DA:142,0
DA:144,0
DA:145,0
DA:147,0
DA:148,0
DA:149,0
DA:150,0
DA:151,0
DA:152,0
DA:153,0
DA:154,0
DA:157,0
DA:158,0
DA:159,0
DA:163,0
DA:164,0
DA:165,0
DA:170,0
DA:172,0
DA:173,0
DA:175,0
DA:176,0
DA:177,0
DA:178,0
DA:184,0
DA:186,0
DA:188,0
DA:190,0
DA:191,0
DA:192,0
DA:198,0
DA:199,0
DA:205,0
DA:206,0
DA:212,0
DA:213,0
DA:219,0
DA:220,0
DA:230,0
DA:231,0
DA:232,0
DA:233,0
DA:234,0
DA:238,0
DA:239,0
DA:240,0
DA:242,0
DA:243,0
DA:245,0
DA:248,0
DA:249,0
DA:250,0
DA:251,0
DA:252,0
DA:253,0
DA:254,0
DA:255,0
DA:256,0
DA:258,0
DA:259,0
DA:271,0
DA:273,0
DA:275,0
DA:276,0
DA:278,0
DA:279,0
DA:280,0
DA:281,0
DA:282,0
DA:283,0
DA:284,0
DA:285,0
DA:286,0
DA:287,0
DA:288,0
DA:291,0
DA:292,0
DA:293,0
DA:298,0
DA:300,0
DA:301,0
DA:303,0
DA:304,0
DA:305,0
DA:306,0
DA:307,0
DA:310,0
DA:311,0
DA:312,0
DA:317,0
DA:318,0
DA:320,0
DA:321,0
DA:323,0
DA:324,0
DA:325,0
DA:326,0
DA:327,0
DA:331,0
DA:332,0
DA:333,0
DA:337,0
DA:338,0
DA:340,0
DA:341,0
DA:344,0
DA:351,0
LF:155
LH:0
end_of_record
SF:lib\organizer\rehearsals\rehearsal_presences.dart
DA:19,1
DA:29,1
DA:30,1
DA:34,3
DA:35,3
DA:37,3
DA:38,3
DA:40,1
DA:42,1
DA:43,3
DA:44,2
DA:49,1
DA:51,2
DA:53,0
DA:56,6
DA:59,3
DA:61,2
DA:63,3
DA:65,1
DA:66,1
DA:68,2
DA:69,2
DA:70,3
DA:71,1
DA:72,1
DA:73,1
DA:74,1
DA:76,1
DA:78,2
DA:79,3
DA:80,1
DA:81,1
DA:82,1
DA:83,1
DA:85,1
DA:88,0
DA:89,0
DA:94,0
DA:95,0
DA:98,0
DA:99,0
DA:100,0
DA:105,1
DA:107,1
DA:108,1
DA:110,1
DA:112,1
DA:113,1
DA:114,1
DA:115,3
DA:122,1
DA:123,1
DA:124,1
DA:125,1
DA:126,2
DA:131,1
DA:132,0
DA:133,0
DA:135,1
DA:136,1
DA:137,1
DA:142,1
DA:145,1
DA:146,1
DA:147,1
DA:148,2
DA:149,2
DA:150,2
DA:151,2
DA:152,2
DA:154,0
DA:166,1
DA:167,3
DA:174,1
DA:175,1
DA:176,1
DA:177,1
DA:178,2
DA:183,1
DA:184,0
DA:185,0
DA:187,1
DA:188,1
DA:189,1
DA:194,1
DA:197,1
DA:198,1
DA:199,1
DA:200,2
DA:201,2
DA:202,2
DA:203,2
DA:204,2
DA:206,0
LF:94
LH:80
end_of_record
SF:lib\components\project_list.dart
DA:18,2
DA:28,2
DA:30,2
DA:31,2
DA:32,2
DA:33,4
DA:37,2
DA:38,0
DA:39,0
DA:41,2
DA:42,2
DA:43,4
DA:44,2
DA:45,8
DA:46,4
DA:48,2
DA:49,2
DA:50,2
DA:51,4
DA:52,2
DA:53,4
DA:55,10
DA:56,2
DA:57,2
DA:58,2
DA:59,3
DA:61,1
DA:62,1
DA:64,1
DA:66,0
DA:67,0
DA:69,0
DA:70,0
DA:71,0
DA:72,0
DA:80,3
DA:81,3
DA:82,1
DA:83,1
DA:84,1
DA:85,1
DA:86,1
DA:89,3
DA:90,1
DA:101,4
DA:102,2
DA:103,2
DA:110,6
DA:111,2
DA:112,2
DA:113,2
DA:114,2
DA:115,2
DA:117,2
LF:54
LH:46
end_of_record
SF:lib\organizer\project\new_project.dart
DA:17,8
DA:23,1
DA:24,1
DA:28,3
DA:29,0
DA:40,1
DA:42,1
DA:43,3
DA:49,1
DA:50,2
DA:51,2
DA:52,2
DA:53,2
DA:55,1
DA:56,1
DA:61,1
DA:62,1
DA:66,1
DA:67,1
DA:72,2
DA:73,3
DA:74,1
DA:80,1
DA:81,4
DA:82,2
DA:83,1
DA:91,0
DA:93,0
DA:98,0
DA:102,0
DA:103,0
DA:104,0
DA:105,0
DA:108,0
DA:109,0
DA:110,0
DA:112,0
DA:113,0
DA:114,0
DA:118,0
DA:119,0
DA:126,0
DA:127,0
DA:133,1
DA:135,1
DA:136,1
DA:137,1
DA:138,1
DA:140,1
DA:148,1
DA:151,1
DA:156,1
DA:158,1
DA:160,1
DA:172,1
DA:174,1
DA:175,2
DA:176,2
DA:177,1
DA:178,2
DA:179,1
DA:182,1
DA:184,1
DA:185,1
DA:199,1
DA:201,1
DA:202,2
DA:203,2
DA:204,1
DA:205,2
DA:206,1
DA:209,1
DA:211,1
DA:212,1
DA:226,1
DA:228,2
LF:76
LH:58
end_of_record
SF:lib\organizer\project\project_element.dart
DA:19,2
DA:28,2
DA:29,2
DA:33,6
DA:34,6
DA:42,2
DA:44,2
DA:45,6
DA:46,4
DA:47,2
DA:52,2
DA:53,12
DA:55,6
DA:57,4
DA:59,6
DA:60,4
DA:61,4
DA:62,4
DA:63,4
DA:64,4
DA:67,0
DA:68,0
DA:73,0
DA:74,0
DA:81,2
DA:82,6
DA:83,4
DA:84,2
DA:91,2
DA:92,4
DA:94,8
DA:97,6
DA:99,4
DA:101,6
DA:102,2
DA:111,2
DA:113,2
DA:115,2
DA:116,0
DA:117,0
DA:119,0
DA:120,0
DA:121,0
DA:122,0
DA:125,0
DA:126,0
DA:129,2
DA:130,2
DA:132,2
DA:133,2
DA:135,2
DA:137,2
DA:139,2
DA:140,2
DA:142,2
DA:143,2
DA:144,2
DA:151,6
DA:152,1
DA:156,6
DA:157,2
DA:159,2
DA:160,4
DA:167,4
DA:168,2
DA:170,2
DA:171,2
DA:172,8
DA:178,2
DA:179,8
LF:70
LH:58
end_of_record
SF:lib\main.dart
DA:12,0
DA:23,0
DA:24,0
DA:25,0
DA:26,0
DA:27,0
DA:28,0
DA:29,0
DA:30,0
DA:39,0
DA:45,0
DA:46,0
DA:52,0
DA:54,0
DA:55,0
DA:56,0
DA:57,0
DA:62,0
DA:64,0
DA:65,0
DA:78,0
DA:79,0
DA:80,0
DA:84,0
DA:86,0
DA:87,0
DA:88,0
LF:27
LH:0
end_of_record
SF:lib\organizer\project\project_admin.dart
DA:15,15
DA:21,1
DA:22,1
DA:26,3
DA:27,3
DA:32,1
DA:34,1
DA:35,3
DA:36,3
DA:41,1
DA:42,2
DA:44,4
DA:46,3
DA:48,2
DA:49,3
DA:50,2
DA:51,1
DA:52,1
DA:53,1
DA:54,1
DA:55,1
DA:56,1
DA:58,1
DA:64,0
DA:65,0
DA:68,0
DA:71,0
DA:72,0
DA:75,0
DA:81,0
DA:82,0
DA:83,0
DA:87,1
DA:89,1
DA:90,1
DA:91,1
DA:92,1
DA:93,1
DA:94,1
DA:95,1
DA:96,1
DA:97,1
DA:98,1
DA:100,2
DA:101,2
LF:45
LH:36
end_of_record
SF:lib\profil\profil.dart
DA:23,8
DA:29,1
DA:30,1
DA:34,3
DA:35,3
DA:45,1
DA:47,1
DA:48,3
DA:49,2
DA:50,2
DA:57,1
DA:59,6
DA:61,3
DA:62,2
DA:64,3
DA:65,2
DA:66,2
DA:67,2
DA:68,2
DA:69,2
DA:72,0
DA:73,0
DA:78,0
DA:79,0
DA:87,1
DA:89,6
DA:91,3
DA:92,2
DA:93,3
DA:94,2
DA:95,3
DA:98,0
DA:101,0
DA:102,0
DA:111,0
DA:113,0
DA:114,0
DA:115,0
DA:116,0
DA:117,0
DA:118,0
DA:119,0
DA:122,0
DA:123,0
DA:124,0
DA:125,0
DA:128,0
DA:131,0
DA:132,0
DA:133,0
DA:137,0
DA:138,0
DA:139,0
DA:144,1
DA:146,1
DA:147,1
DA:148,1
DA:149,1
DA:151,1
DA:153,1
DA:155,1
DA:157,1
DA:159,1
DA:161,1
DA:162,1
DA:163,2
DA:169,1
DA:170,2
DA:176,1
DA:177,2
DA:183,1
DA:184,1
DA:185,1
DA:186,3
DA:203,1
DA:204,1
DA:205,1
DA:206,1
DA:207,2
DA:211,1
DA:212,0
DA:213,0
DA:215,1
DA:216,1
DA:218,1
DA:221,1
DA:222,1
DA:223,1
DA:224,1
DA:237,1
DA:239,0
DA:240,0
DA:241,0
DA:242,0
DA:243,0
DA:245,0
DA:246,0
DA:247,0
DA:248,0
DA:249,0
DA:250,0
DA:254,0
DA:255,0
DA:256,0
DA:257,0
DA:265,1
DA:267,0
DA:268,0
DA:270,0
DA:271,0
DA:276,1
DA:278,0
DA:279,0
DA:282,0
LF:114
LH:64
end_of_record
SF:lib\project\project_user.dart
DA:14,1
DA:16,1
DA:17,1
DA:22,3
DA:23,3
DA:27,1
DA:29,1
DA:30,3
DA:31,3
DA:36,1
DA:37,2
DA:38,4
DA:40,3
DA:42,2
DA:43,3
DA:44,2
DA:45,1
DA:46,1
DA:47,1
DA:48,1
DA:49,1
DA:50,1
DA:52,1
DA:55,0
DA:56,0
DA:59,0
DA:62,0
DA:63,0
DA:66,0
DA:71,0
DA:72,0
DA:73,0
DA:77,1
DA:79,1
DA:80,1
DA:81,1
DA:82,1
DA:83,1
DA:84,1
DA:85,1
DA:86,1
DA:87,1
DA:88,1
DA:90,2
DA:91,2
LF:45
LH:36
end_of_record
SF:lib\disponibilities\disponibilities.dart
DA:19,8
DA:21,1
DA:22,1
DA:26,3
DA:27,3
DA:32,1
DA:34,1
DA:35,3
DA:36,3
DA:37,3
DA:42,1
DA:47,6
DA:49,3
DA:51,2
DA:52,3
DA:53,2
DA:54,1
DA:55,1
DA:56,1
DA:57,1
DA:58,1
DA:60,1
DA:62,1
DA:63,2
DA:64,1
DA:73,2
DA:74,1
DA:75,2
DA:77,2
DA:79,1
DA:89,1
DA:90,1
DA:91,1
DA:92,2
DA:93,1
DA:98,0
DA:99,0
DA:101,0
DA:104,0
DA:105,0
DA:107,0
DA:113,1
DA:116,6
DA:118,3
DA:120,2
DA:121,3
DA:122,2
DA:123,1
DA:124,1
DA:125,1
DA:126,1
DA:128,1
DA:132,0
DA:133,0
DA:135,0
DA:138,0
DA:139,0
DA:141,0
DA:147,0
DA:149,0
DA:150,0
DA:151,0
DA:152,0
DA:155,0
DA:158,0
DA:159,0
DA:160,0
DA:163,0
DA:164,0
DA:165,0
DA:169,0
DA:170,0
DA:171,0
DA:178,0
DA:180,0
DA:181,0
DA:182,0
DA:183,0
DA:186,0
DA:189,0
DA:190,0
DA:191,0
DA:194,0
DA:195,0
DA:196,0
DA:200,0
DA:201,0
DA:202,0
DA:207,1
DA:209,1
DA:210,1
DA:212,1
DA:213,1
DA:215,1
DA:217,1
DA:226,1
DA:227,1
DA:228,1
DA:229,2
DA:231,1
DA:233,3
DA:238,1
DA:240,4
DA:241,1
DA:242,1
DA:244,1
DA:246,1
DA:247,1
DA:250,1
DA:258,1
DA:260,1
DA:261,1
DA:264,2
DA:265,1
DA:269,1
DA:271,1
DA:272,1
DA:274,1
DA:277,1
DA:278,1
DA:279,1
DA:282,1
DA:283,1
DA:284,5
DA:292,1
DA:293,0
DA:294,0
DA:302,1
DA:308,1
DA:313,1
DA:315,0
DA:316,0
DA:318,0
DA:319,0
DA:320,0
DA:321,0
DA:322,0
DA:323,0
DA:338,1
DA:339,1
DA:340,1
DA:341,2
DA:343,3
DA:347,1
DA:348,3
DA:349,1
DA:353,1
DA:355,1
DA:356,1
DA:358,1
DA:360,1
DA:361,1
DA:362,5
DA:365,1
DA:366,0
DA:367,0
DA:374,1
DA:379,1
DA:381,0
DA:382,0
DA:384,0
DA:385,0
DA:386,0
DA:387,0
LF:164
LH:104
end_of_record
SF:lib\disponibilities\new_disponibilities.dart
DA:14,0
DA:19,0
DA:20,0
DA:36,0
DA:37,0
DA:38,0
DA:39,0
DA:41,0
DA:42,0
DA:46,0
DA:47,0
DA:48,0
DA:49,0
DA:50,0
DA:51,0
DA:52,0
DA:58,0
DA:68,0
DA:69,0
DA:70,0
DA:73,0
DA:75,0
DA:82,0
DA:83,0
DA:84,0
DA:85,0
DA:88,0
DA:89,0
DA:90,0
DA:91,0
DA:93,0
DA:94,0
DA:95,0
DA:99,0
DA:100,0
DA:101,0
DA:107,0
DA:108,0
DA:109,0
DA:114,0
DA:116,0
DA:117,0
DA:118,0
DA:119,0
DA:121,0
DA:130,0
DA:132,0
DA:133,0
DA:135,0
DA:141,0
DA:142,0
DA:144,0
DA:145,0
DA:146,0
DA:147,0
DA:153,0
DA:155,0
DA:156,0
DA:157,0
DA:158,0
DA:159,0
DA:166,0
DA:168,0
DA:169,0
DA:171,0
DA:177,0
DA:178,0
DA:180,0
DA:181,0
DA:182,0
DA:183,0
DA:189,0
DA:191,0
DA:192,0
DA:193,0
DA:194,0
DA:195,0
DA:202,0
DA:212,0
DA:213,0
DA:214,0
DA:215,0
DA:220,0
DA:224,0
DA:226,0
LF:85
LH:0
end_of_record
SF:lib\disponibilities\vacation_input.dart
DA:13,0
DA:18,0
DA:19,0
DA:34,0
DA:35,0
DA:36,0
DA:37,0
DA:39,0
DA:40,0
DA:44,0
DA:45,0
DA:46,0
DA:47,0
DA:48,0
DA:53,0
DA:54,0
DA:55,0
DA:61,0
DA:63,0
DA:69,0
DA:70,0
DA:71,0
DA:72,0
DA:75,0
DA:76,0
DA:77,0
DA:78,0
DA:81,0
DA:82,0
DA:83,0
DA:89,0
DA:90,0
DA:91,0
DA:96,0
DA:98,0
DA:99,0
DA:100,0
DA:101,0
DA:103,0
DA:112,0
DA:114,0
DA:115,0
DA:117,0
DA:123,0
DA:124,0
DA:126,0
DA:127,0
DA:128,0
DA:129,0
DA:135,0
DA:137,0
DA:138,0
DA:139,0
DA:140,0
DA:141,0
DA:148,0
DA:150,0
DA:151,0
DA:153,0
DA:159,0
DA:160,0
DA:162,0
DA:163,0
DA:164,0
DA:165,0
DA:171,0
DA:173,0
DA:174,0
DA:175,0
DA:176,0
DA:177,0
DA:184,0
DA:186,0
LF:73
LH:0
end_of_record
SF:lib\firebase_options.dart
DA:18,0
DA:22,0
DA:23,0
DA:25,0
DA:27,0
DA:29,0
DA:31,0
DA:32,0
DA:37,0
LF:9
LH:0
end_of_record
SF:lib\organizer\roles\role_modification.dart
DA:16,1
DA:18,1
DA:19,3
DA:20,1
DA:25,0
DA:27,0
DA:29,0
DA:30,0
DA:40,0
DA:48,0
DA:49,0
DA:59,0
DA:61,0
DA:62,0
DA:63,0
DA:67,0
DA:69,0
DA:71,0
DA:73,0
DA:74,0
DA:75,0
DA:76,0
DA:77,0
DA:78,0
DA:88,0
DA:89,0
DA:91,0
DA:93,0
DA:94,0
DA:95,0
DA:96,0
DA:97,0
DA:98,0
DA:100,0
DA:101,0
DA:103,0
DA:104,0
DA:105,0
DA:107,0
DA:110,0
DA:111,0
DA:112,0
DA:114,0
DA:119,0
DA:121,0
DA:122,0
DA:123,0
DA:124,0
DA:125,0
DA:127,0
DA:129,0
DA:138,0
DA:141,0
DA:143,0
DA:144,0
DA:145,0
DA:146,0
DA:150,0
DA:151,0
DA:152,0
DA:153,0
DA:155,0
DA:156,0
DA:157,0
DA:159,0
DA:160,0
DA:161,0
DA:167,0
DA:168,0
DA:173,0
DA:174,0
DA:180,0
DA:182,0
DA:183,0
DA:185,0
DA:186,0
DA:188,0
DA:191,0
DA:192,0
DA:193,0
DA:200,0
DA:201,0
DA:202,0
DA:203,0
DA:204,0
DA:205,0
DA:210,0
DA:214,0
DA:216,0
DA:217,0
LF:90
LH:4
end_of_record
SF:lib\organizer\participants\participant_element.dart
DA:15,2
DA:26,2
DA:27,2
DA:33,2
DA:35,2
DA:37,2
DA:38,0
DA:39,0
DA:40,0
DA:41,0
DA:42,0
DA:45,2
DA:46,2
DA:48,2
DA:49,2
DA:51,2
DA:53,2
DA:55,2
DA:56,2
DA:57,10
LF:20
LH:15
end_of_record
SF:lib\organizer\participants\particpipant_modification.dart
DA:23,1
DA:34,1
DA:36,1
DA:41,3
DA:42,3
DA:47,1
DA:49,1
DA:50,3
DA:51,3
DA:55,1
DA:57,8
DA:59,3
DA:61,2
DA:62,3
DA:63,2
DA:64,1
DA:65,1
DA:68,0
DA:70,0
DA:75,0
DA:76,0
DA:77,0
DA:81,0
DA:84,0
DA:86,0
DA:88,0
DA:89,0
DA:90,0
DA:91,0
DA:94,0
DA:95,0
DA:99,0
DA:100,0
DA:101,0
DA:106,1
DA:108,1
DA:109,1
DA:111,1
DA:113,1
DA:114,1
DA:115,5
DA:122,1
DA:124,1
DA:126,1
DA:128,1
DA:129,1
DA:130,2
DA:147,1
DA:148,1
DA:149,1
DA:150,1
DA:151,2
DA:155,1
DA:156,0
DA:157,0
DA:159,1
DA:160,1
DA:162,1
DA:165,1
DA:166,1
DA:167,1
DA:168,2
DA:169,2
DA:170,1
DA:171,1
DA:184,1
DA:186,0
DA:187,0
DA:189,0
DA:190,0
DA:191,0
DA:192,0
DA:193,0
DA:194,0
DA:196,0
DA:197,0
DA:202,1
DA:204,0
DA:205,0
DA:208,0
LF:80
LH:48
end_of_record
SF:lib\organizer\participants\participant_rehearsal_detail.dart
DA:19,0
DA:30,0
DA:32,0
DA:41,0
DA:43,0
DA:44,0
DA:48,0
DA:50,0
DA:52,0
DA:54,0
DA:55,0
DA:58,0
DA:60,0
DA:65,0
DA:66,0
DA:67,0
DA:71,0
DA:73,0
DA:74,0
DA:76,0
DA:78,0
DA:79,0
DA:80,0
DA:87,0
DA:89,0
DA:91,0
DA:93,0
DA:94,0
DA:95,0
DA:112,0
DA:113,0
DA:114,0
DA:115,0
DA:116,0
DA:120,0
DA:121,0
DA:122,0
DA:124,0
DA:125,0
DA:127,0
DA:130,0
DA:131,0
DA:132,0
DA:133,0
DA:134,0
DA:135,0
DA:150,0
LF:47
LH:0
end_of_record
SF:lib\organizer\roles\role_and_participant_element.dart
DA:14,2
DA:22,2
DA:24,2
DA:31,0
DA:34,0
DA:36,0
DA:37,0
DA:38,0
DA:39,0
DA:42,0
DA:44,0
DA:45,0
DA:46,0
DA:49,0
DA:53,0
DA:56,2
DA:58,2
DA:60,2
DA:61,2
DA:63,2
DA:64,2
DA:66,2
DA:67,10
DA:70,2
DA:72,2
DA:73,2
DA:74,4
DA:80,10
DA:81,1
DA:83,1
LF:30
LH:18
end_of_record
SF:lib\organizer\project\calendar_proposition.dart
DA:16,0
DA:21,0
DA:23,0
DA:32,0
DA:34,0
DA:35,0
DA:41,0
DA:42,0
DA:43,0
DA:45,0
DA:46,0
DA:47,0
DA:53,0
DA:54,0
DA:56,0
DA:58,0
DA:59,0
DA:61,0
DA:62,0
DA:63,0
DA:65,0
DA:68,0
DA:69,0
DA:70,0
DA:72,0
DA:79,0
DA:82,0
DA:84,0
DA:87,0
DA:89,0
DA:90,0
DA:92,0
DA:93,0
DA:94,0
DA:95,0
DA:96,0
DA:97,0
DA:98,0
DA:99,0
DA:100,0
DA:101,0
DA:105,0
DA:106,0
DA:107,0
DA:108,0
DA:109,0
DA:110,0
DA:111,0
DA:112,0
DA:115,0
DA:116,0
DA:117,0
DA:118,0
DA:119,0
DA:120,0
DA:122,0
DA:123,0
DA:125,0
DA:128,0
DA:129,0
DA:130,0
DA:133,0
DA:135,0
DA:136,0
DA:139,0
DA:142,0
DA:143,0
DA:146,0
DA:153,0
DA:156,0
DA:159,0
DA:161,0
DA:163,0
DA:166,0
DA:167,0
DA:168,0
DA:169,0
DA:170,0
DA:178,0
DA:179,0
DA:182,0
DA:185,0
DA:186,0
DA:189,0
DA:194,0
DA:209,0
DA:213,0
DA:214,0
DA:215,0
DA:219,0
DA:220,0
DA:221,0
DA:226,0
DA:228,0
DA:230,0
DA:232,0
DA:233,0
DA:234,0
DA:237,0
DA:238,0
DA:239,0
DA:243,0
DA:244,0
DA:245,0
DA:252,0
DA:254,0
DA:256,0
DA:257,0
DA:258,0
DA:259,0
DA:262,0
DA:263,0
DA:264,0
DA:268,0
DA:269,0
DA:270,0
DA:275,0
DA:277,0
DA:278,0
DA:280,0
DA:282,0
DA:283,0
DA:284,0
DA:294,0
DA:295,0
DA:296,0
DA:297,0
DA:299,0
DA:302,0
DA:304,0
DA:305,0
DA:309,0
DA:311,0
DA:312,0
LF:134
LH:0
end_of_record
SF:lib\organizer\project\project_details.dart
DA:21,0
DA:27,0
DA:28,0
DA:41,0
DA:43,0
DA:44,0
DA:45,0
DA:46,0
DA:51,0
DA:52,0
DA:54,0
DA:57,0
DA:59,0
DA:60,0
DA:61,0
DA:62,0
DA:63,0
DA:66,0
DA:68,0
DA:73,0
DA:74,0
DA:75,0
DA:81,0
DA:83,0
DA:85,0
DA:87,0
DA:88,0
DA:89,0
DA:90,0
DA:91,0
DA:92,0
DA:93,0
DA:94,0
DA:96,0
DA:99,0
DA:101,0
DA:108,0
DA:109,0
DA:111,0
DA:113,0
DA:115,0
DA:116,0
DA:117,0
DA:118,0
DA:119,0
DA:120,0
DA:123,0
DA:124,0
DA:129,0
DA:130,0
DA:137,0
DA:138,0
DA:139,0
DA:145,0
DA:146,0
DA:148,0
DA:150,0
DA:151,0
DA:152,0
DA:153,0
DA:156,0
DA:157,0
DA:161,0
DA:162,0
DA:163,0
DA:170,0
DA:171,0
DA:173,0
DA:175,0
DA:177,0
DA:178,0
DA:179,0
DA:182,0
DA:184,0
DA:185,0
DA:186,0
DA:187,0
DA:190,0
DA:191,0
DA:195,0
DA:196,0
DA:197,0
DA:202,0
DA:204,0
DA:205,0
DA:207,0
DA:208,0
DA:209,0
DA:210,0
DA:211,0
DA:217,0
DA:219,0
DA:221,0
DA:223,0
DA:224,0
DA:225,0
DA:231,0
DA:232,0
DA:238,0
DA:239,0
DA:249,0
DA:250,0
DA:252,0
DA:253,0
DA:255,0
DA:256,0
DA:257,0
DA:258,0
DA:259,0
DA:260,0
DA:261,0
DA:264,0
DA:265,0
DA:266,0
DA:267,0
DA:273,0
DA:275,0
DA:276,0
DA:278,0
DA:279,0
DA:280,0
DA:281,0
DA:287,0
DA:289,0
DA:290,0
DA:292,0
DA:293,0
DA:294,0
DA:295,0
DA:301,0
DA:303,0
DA:304,0
DA:306,0
DA:307,0
DA:308,0
DA:313,0
DA:315,0
DA:316,0
DA:319,0
DA:324,0
DA:325,0
DA:327,0
DA:328,0
DA:330,0
DA:331,0
DA:332,0
DA:333,0
DA:340,0
DA:342,0
DA:343,0
DA:346,0
DA:369,0
DA:370,0
DA:371,0
DA:372,0
DA:376,0
DA:377,0
DA:378,0
DA:380,0
DA:381,0
DA:382,0
DA:385,0
DA:386,0
DA:387,0
DA:388,0
DA:390,0
DA:408,0
LF:167
LH:0
end_of_record
SF:lib\organizer\rehearsals\rehearsals.dart
DA:20,1
DA:28,1
DA:29,1
DA:33,3
DA:34,3
DA:38,1
DA:40,1
DA:41,3
DA:42,3
DA:47,1
DA:49,6
DA:51,3
DA:52,2
DA:53,3
DA:54,2
DA:55,1
DA:56,1
DA:57,1
DA:58,1
DA:59,1
DA:60,1
DA:61,1
DA:62,1
DA:63,1
DA:64,1
DA:66,1
DA:69,0
DA:71,0
DA:76,0
DA:77,0
DA:78,0
DA:82,1
DA:84,1
DA:85,1
DA:86,1
DA:87,1
DA:88,1
DA:89,3
DA:96,1
DA:98,0
DA:99,0
DA:101,0
DA:102,0
DA:103,0
DA:104,0
DA:107,0
DA:108,0
DA:109,0
DA:115,1
DA:116,1
DA:117,1
DA:118,2
DA:122,1
DA:123,0
DA:124,0
DA:126,1
DA:127,1
DA:128,1
DA:131,1
DA:132,1
DA:133,1
DA:134,2
DA:135,2
DA:136,2
DA:137,3
DA:138,2
DA:139,2
DA:140,2
DA:141,2
DA:142,2
DA:144,1
LF:71
LH:55
end_of_record
SF:lib\organizer\project\project_modification.dart
DA:21,1
DA:32,1
DA:33,1
DA:37,3
DA:38,0
DA:49,1
DA:51,1
DA:52,3
DA:53,4
DA:54,4
DA:55,2
DA:56,2
DA:57,3
DA:59,2
DA:60,2
DA:61,3
DA:63,2
DA:64,4
DA:67,2
DA:68,4
DA:72,1
DA:74,2
DA:75,2
DA:76,2
DA:77,2
DA:78,1
DA:84,1
DA:85,2
DA:86,2
DA:87,2
DA:88,2
DA:90,1
DA:91,1
DA:92,1
DA:96,0
DA:97,0
DA:101,0
DA:102,0
DA:107,0
DA:108,0
DA:109,0
DA:110,0
DA:117,0
DA:119,0
DA:127,0
DA:128,0
DA:129,0
DA:130,0
DA:133,0
DA:134,0
DA:135,0
DA:143,0
DA:144,0
DA:145,0
DA:151,0
DA:152,0
DA:153,0
DA:158,1
DA:160,1
DA:161,1
DA:162,1
DA:163,1
DA:165,1
DA:167,1
DA:168,1
DA:169,3
DA:176,1
DA:179,1
DA:184,1
DA:186,1
DA:187,1
DA:199,1
DA:201,1
DA:202,0
DA:203,0
DA:204,0
DA:205,0
DA:206,0
DA:209,1
DA:210,1
DA:211,1
DA:225,1
DA:227,1
DA:228,0
DA:229,0
DA:230,0
DA:231,0
DA:232,0
DA:235,1
DA:236,1
DA:237,1
DA:251,1
DA:253,1
DA:254,1
LF:94
LH:60
end_of_record
SF:lib\project\user_rehearsal.dart
DA:15,0
DA:21,0
DA:22,0
DA:29,0
DA:31,0
DA:32,0
DA:36,0
DA:38,0
DA:40,0
DA:41,0
DA:42,0
DA:43,0
DA:44,0
DA:45,0
DA:46,0
DA:47,0
DA:48,0
DA:49,0
DA:50,0
DA:51,0
DA:52,0
DA:53,0
DA:55,0
DA:58,0
DA:60,0
DA:65,0
DA:66,0
DA:67,0
DA:71,0
DA:73,0
DA:74,0
DA:76,0
DA:78,0
DA:79,0
DA:80,0
DA:81,0
DA:88,0
DA:89,0
DA:90,0
DA:91,0
DA:92,0
DA:97,0
DA:98,0
DA:99,0
DA:101,0
DA:102,0
DA:103,0
DA:112,0
DA:115,0
DA:116,0
DA:117,0
DA:118,0
DA:119,0
DA:120,0
DA:121,0
DA:122,0
DA:123,0
DA:124,0
DA:125,0
DA:126,0
DA:127,0
DA:128,0
DA:130,0
LF:63
LH:0
end_of_record
SF:lib\organizer\rehearsals\add_precedence.dart
DA:20,1
DA:30,1
DA:31,1
DA:35,3
DA:36,0
DA:42,1
DA:44,1
DA:45,3
DA:50,0
DA:52,0
DA:54,0
DA:59,0
DA:62,0
DA:63,0
DA:64,0
DA:65,0
DA:68,0
DA:69,0
DA:70,0
DA:73,0
DA:74,0
DA:78,0
DA:79,0
DA:80,0
DA:85,1
DA:87,1
DA:88,1
DA:89,1
DA:90,1
DA:92,1
DA:94,1
DA:95,1
DA:96,3
DA:103,1
DA:104,2
DA:105,1
DA:106,0
DA:107,0
DA:108,0
DA:112,3
DA:114,2
DA:118,1
DA:120,0
LF:43
LH:22
end_of_record
SF:lib\organizer\rehearsals\add_rehearsal.dart
DA:17,1
DA:19,0
DA:21,0
DA:23,0
DA:24,0
DA:34,1
DA:37,1
DA:38,1
DA:42,3
DA:43,3
DA:60,1
DA:62,1
DA:63,3
DA:64,2
DA:70,1
DA:71,2
DA:72,2
DA:73,2
DA:74,2
DA:75,1
DA:76,2
DA:77,4
DA:80,1
DA:81,2
DA:85,1
DA:86,2
DA:90,0
DA:91,0
DA:92,0
DA:93,0
DA:94,0
DA:95,0
DA:101,0
DA:107,0
DA:108,0
DA:113,0
DA:114,0
DA:115,0
DA:116,0
DA:119,0
DA:120,0
DA:121,0
DA:124,0
DA:125,0
DA:130,0
DA:131,0
DA:138,1
DA:140,6
DA:142,3
DA:143,2
DA:144,3
DA:145,2
DA:146,1
DA:147,3
DA:148,3
DA:149,1
DA:150,1
DA:151,2
DA:152,2
DA:153,2
DA:154,1
DA:162,1
DA:164,1
DA:165,1
DA:166,1
DA:167,1
DA:169,1
DA:171,1
DA:172,1
DA:173,3
DA:180,1
DA:183,1
DA:188,1
DA:190,1
DA:192,1
DA:204,1
DA:206,1
DA:207,1
DA:209,1
DA:215,3
DA:216,0
DA:218,0
DA:219,0
DA:220,0
DA:221,0
DA:227,0
DA:229,0
DA:230,0
DA:231,0
DA:232,0
DA:233,0
DA:240,1
DA:242,1
DA:243,1
DA:245,1
DA:251,3
DA:252,0
DA:254,0
DA:255,0
DA:256,0
DA:257,0
DA:263,0
DA:265,0
DA:266,0
DA:267,0
DA:268,0
DA:269,0
DA:276,1
DA:278,1
DA:279,2
DA:281,1
DA:282,2
DA:283,1
DA:284,2
DA:285,1
DA:289,1
DA:290,1
DA:292,1
DA:300,1
DA:302,1
DA:307,1
DA:308,1
DA:309,1
DA:310,0
DA:311,0
DA:312,0
DA:317,0
DA:321,1
DA:323,2
LF:129
LH:79
end_of_record
SF:lib\organizer\rehearsals\precedence_item.dart
DA:15,1
DA:24,1
DA:26,1
DA:36,0
DA:38,0
DA:41,0
DA:43,0
DA:44,0
DA:45,0
DA:46,0
DA:48,0
DA:52,0
DA:53,0
DA:54,0
DA:56,0
DA:59,0
DA:62,1
DA:64,1
DA:66,1
DA:67,1
DA:69,1
DA:70,1
DA:72,1
DA:74,1
DA:76,1
DA:77,1
DA:78,2
DA:84,1
DA:86,1
LF:29
LH:16
end_of_record
SF:lib\organizer\rehearsals\rehearsal_modification.dart
DA:29,1
DA:44,1
DA:46,1
DA:50,3
DA:51,3
DA:68,1
DA:70,1
DA:71,3
DA:72,4
DA:73,4
DA:74,2
DA:75,2
DA:76,2
DA:77,0
DA:79,4
DA:80,5
DA:81,2
DA:82,2
DA:83,3
DA:85,4
DA:86,2
DA:87,2
DA:90,1
DA:92,2
DA:93,2
DA:94,2
DA:95,2
DA:96,2
DA:97,1
DA:101,1
DA:103,6
DA:105,3
DA:106,2
DA:107,3
DA:108,2
DA:109,1
DA:110,3
DA:111,3
DA:112,1
DA:113,1
DA:114,2
DA:115,2
DA:116,2
DA:117,1
DA:126,1
DA:128,6
DA:130,3
DA:132,0
DA:133,0
DA:134,0
DA:135,0
DA:136,0
DA:137,0
DA:138,0
DA:139,0
DA:150,1
DA:151,2
DA:152,2
DA:153,2
DA:154,2
DA:155,1
DA:157,1
DA:158,1
DA:159,1
DA:162,0
DA:163,0
DA:168,0
DA:173,0
DA:175,0
DA:181,0
DA:182,0
DA:186,0
DA:187,0
DA:188,0
DA:189,0
DA:192,0
DA:193,0
DA:194,0
DA:197,0
DA:198,0
DA:199,0
DA:205,0
DA:206,0
DA:207,0
DA:212,1
DA:214,1
DA:215,1
DA:216,1
DA:217,1
DA:219,1
DA:221,1
DA:222,1
DA:223,3
DA:230,1
DA:233,1
DA:238,1
DA:240,1
DA:241,1
DA:253,1
DA:255,1
DA:256,1
DA:258,1
DA:264,3
DA:265,0
DA:267,0
DA:268,0
DA:269,0
DA:270,0
DA:276,0
DA:278,0
DA:279,0
DA:280,0
DA:281,0
DA:282,0
DA:289,1
DA:291,1
DA:292,1
DA:294,1
DA:300,3
DA:301,0
DA:303,0
DA:304,0
DA:305,0
DA:306,0
DA:312,0
DA:314,0
DA:315,0
DA:316,0
DA:317,0
DA:318,0
DA:325,1
DA:327,1
DA:328,0
DA:330,0
DA:331,0
DA:332,0
DA:333,0
DA:334,0
DA:338,1
DA:339,1
DA:341,1
DA:349,1
DA:351,1
DA:356,1
DA:357,1
DA:358,1
DA:359,0
DA:360,0
DA:361,0
DA:366,0
DA:370,1
DA:372,1
DA:373,1
LF:153
LH:92
end_of_record
SF:lib\organizer\rehearsals\rehearsal_participant_element.dart
DA:16,0
DA:28,0
DA:29,0
DA:34,0
DA:36,0
DA:38,0
DA:39,0
DA:40,0
DA:41,0
DA:42,0
DA:43,0
DA:46,0
DA:47,0
DA:49,0
DA:50,0
DA:52,0
DA:54,0
DA:56,0
DA:57,0
DA:58,0
LF:20
LH:0
end_of_record
SF:lib\organizer\rehearsals\rehearsal_precedence_relatoins.dart
DA:22,1
DA:31,1
DA:33,1
DA:37,3
DA:38,3
DA:42,1
DA:44,1
DA:45,3
DA:46,3
DA:52,1
DA:55,6
DA:57,3
DA:58,2
DA:60,3
DA:61,1
DA:62,3
DA:63,1
DA:64,1
DA:65,1
DA:66,1
DA:67,1
DA:68,1
DA:69,1
DA:70,1
DA:72,1
DA:73,3
DA:74,1
DA:75,1
DA:76,1
DA:77,1
DA:78,1
DA:79,1
DA:80,1
DA:81,1
DA:83,1
DA:84,3
DA:85,1
DA:86,1
DA:87,1
DA:88,1
DA:89,1
DA:90,1
DA:91,1
DA:92,1
DA:94,1
DA:96,2
DA:97,0
DA:98,0
DA:99,0
DA:100,0
DA:101,0
DA:102,0
DA:103,0
DA:104,0
DA:106,1
DA:109,0
DA:110,0
DA:113,0
DA:114,0
DA:115,0
DA:116,0
DA:117,0
DA:121,0
DA:122,0
DA:125,0
DA:126,0
DA:127,0
DA:128,0
DA:129,0
DA:135,0
DA:136,0
DA:137,0
DA:141,1
DA:143,1
DA:144,1
DA:145,1
DA:147,1
DA:149,1
DA:150,1
DA:159,1
DA:160,1
DA:161,1
DA:162,2
DA:164,1
DA:165,0
DA:166,1
DA:170,1
DA:171,1
DA:172,1
DA:173,1
DA:175,1
DA:177,1
DA:178,2
DA:179,1
DA:181,0
DA:182,0
DA:184,0
DA:185,0
DA:186,0
DA:187,0
DA:188,0
DA:192,0
DA:193,0
DA:199,2
DA:200,1
DA:201,3
DA:207,1
DA:210,1
DA:211,1
DA:212,1
DA:213,1
DA:214,1
DA:215,2
DA:216,2
DA:217,1
DA:218,1
DA:224,2
DA:225,1
DA:226,3
DA:232,1
DA:235,1
DA:236,1
DA:237,1
DA:238,1
DA:239,1
DA:240,2
DA:241,2
DA:242,1
DA:243,1
LF:129
LH:94
end_of_record
SF:lib\organizer\rehearsals\rehearsal_element.dart
DA:20,1
DA:35,1
DA:36,1
DA:41,1
DA:43,1
DA:45,1
DA:46,0
DA:47,0
DA:49,0
DA:50,0
DA:51,0
DA:52,0
DA:53,0
DA:54,0
DA:55,0
DA:56,0
DA:57,0
DA:58,0
DA:59,0
DA:60,0
DA:63,0
DA:64,0
DA:67,1
DA:68,1
DA:70,1
DA:71,1
DA:73,1
DA:76,1
DA:78,1
DA:79,1
DA:80,2
DA:88,5
DA:89,1
DA:91,1
DA:92,3
DA:99,2
DA:100,0
DA:102,0
DA:103,0
DA:110,2
DA:111,1
DA:113,1
DA:114,4
LF:43
LH:24
end_of_record
SF:lib\profil\profil_modification.dart
DA:24,1
DA:35,1
DA:37,1
DA:41,3
DA:42,3
DA:53,1
DA:55,1
DA:56,3
DA:57,4
DA:58,4
DA:59,4
DA:60,2
DA:61,2
DA:64,1
DA:66,2
DA:67,2
DA:68,2
DA:69,1
DA:76,1
DA:77,4
DA:79,3
DA:80,2
DA:81,3
DA:82,2
DA:83,2
DA:84,0
DA:85,4
DA:86,2
DA:87,2
DA:88,2
DA:89,1
DA:99,1
DA:101,6
DA:103,3
DA:104,2
DA:105,3
DA:106,2
DA:107,1
DA:108,4
DA:111,0
DA:112,0
DA:115,0
DA:116,0
DA:120,0
DA:121,0
DA:124,0
DA:125,0
DA:133,1
DA:134,2
DA:135,2
DA:136,2
DA:138,3
DA:139,2
DA:141,3
DA:142,2
DA:146,0
DA:148,0
DA:152,0
DA:155,0
DA:156,0
DA:157,0
DA:158,0
DA:161,0
DA:162,0
DA:163,0
DA:166,0
DA:167,0
DA:168,0
DA:174,0
DA:175,0
DA:176,0
DA:181,1
DA:183,1
DA:184,1
DA:185,1
DA:186,1
DA:188,1
DA:199,1
DA:201,1
DA:208,1
DA:210,1
DA:218,1
DA:221,1
DA:228,1
DA:229,1
DA:230,1
DA:231,0
DA:232,0
DA:233,0
DA:238,2
DA:243,1
DA:245,2
LF:92
LH:64
end_of_record
